TN:
SF:src\components\Tasks\StatusDropdown.tsx
FN:21,StatusDropdown
FN:24,(anonymous_1)
FN:28,(anonymous_2)
FN:50,(anonymous_3)
FN:72,(anonymous_4)
FN:76,(anonymous_5)
FNF:6
FNH:5
FNDA:4,StatusDropdown
FNDA:4,(anonymous_1)
FNDA:3,(anonymous_2)
FNDA:0,(anonymous_3)
FNDA:16,(anonymous_4)
FNDA:3,(anonymous_5)
DA:1,1
DA:2,1
DA:4,1
DA:5,1
DA:6,1
DA:14,1
DA:21,1
DA:22,4
DA:24,4
DA:27,4
DA:28,4
DA:29,3
DA:30,3
DA:31,0
DA:34,3
DA:35,1
DA:38,2
DA:39,1
DA:42,1
DA:43,1
DA:46,1
DA:47,1
DA:48,0
DA:49,0
DA:50,0
DA:51,0
DA:55,2
DA:56,2
DA:60,4
DA:73,16
DA:76,3
LF:31
LH:26
BRDA:24,0,0,4
BRDA:24,0,1,0
BRDA:30,1,0,0
BRDA:34,2,0,1
BRDA:38,3,0,1
BRDA:38,4,0,2
BRDA:38,4,1,0
BRDA:47,5,0,0
BRDA:56,6,0,2
BRDA:56,6,1,0
BRDA:77,7,0,4
BRDA:77,7,1,12
BRF:12
BRH:7
end_of_record
TN:
SF:src\components\ui\dropdown.tsx
FN:4,Dropdown
FNF:1
FNH:1
FNDA:4,Dropdown
DA:1,1
DA:4,1
DA:5,4
DA:12,1
DA:13,1
DA:14,1
LF:6
LH:6
BRF:0
BRH:0
end_of_record
TN:
SF:src\lib\statusRules.ts
FN:10,isTransitionAllowed
FN:17,validateRLS
FNF:2
FNH:0
FNDA:0,isTransitionAllowed
FNDA:0,validateRLS
DA:3,1
DA:10,1
DA:14,0
DA:17,1
DA:22,0
LF:5
LH:3
BRDA:22,0,0,0
BRDA:22,0,1,0
BRF:2
BRH:0
end_of_record
